[2024-03-16T16:41:30.070] [ERROR] logs - Error: connect ECONNREFUSED ::1:3000
    at TCPConnectWrap.afterConnect [as oncomplete] (node:net:1555:16) {
  errno: -61,
  code: 'ECONNREFUSED',
  syscall: 'connect',
  address: '::1',
  port: 3000,
  fatal: true
}
[2024-03-16T16:42:17.476] [ERROR] logs - Error: connect ECONNREFUSED ::1:3000
    at TCPConnectWrap.afterConnect [as oncomplete] (node:net:1555:16) {
  errno: -61,
  code: 'ECONNREFUSED',
  syscall: 'connect',
  address: '::1',
  port: 3000,
  fatal: true
}
[2024-03-16T16:42:41.839] [ERROR] logs - Error: connect ECONNREFUSED ::1:3000
    at TCPConnectWrap.afterConnect [as oncomplete] (node:net:1555:16) {
  errno: -61,
  code: 'ECONNREFUSED',
  syscall: 'connect',
  address: '::1',
  port: 3000,
  fatal: true
}
[2024-03-16T16:42:42.624] [ERROR] logs - Error: connect ECONNREFUSED ::1:3000
    at TCPConnectWrap.afterConnect [as oncomplete] (node:net:1555:16) {
  errno: -61,
  code: 'ECONNREFUSED',
  syscall: 'connect',
  address: '::1',
  port: 3000,
  fatal: true
}
[2024-03-16T16:42:43.398] [ERROR] logs - Error: connect ECONNREFUSED ::1:3000
    at TCPConnectWrap.afterConnect [as oncomplete] (node:net:1555:16) {
  errno: -61,
  code: 'ECONNREFUSED',
  syscall: 'connect',
  address: '::1',
  port: 3000,
  fatal: true
}
[2024-03-16T16:43:50.295] [ERROR] logs - Error: connect ECONNREFUSED ::1:4000
    at TCPConnectWrap.afterConnect [as oncomplete] (node:net:1555:16) {
  errno: -61,
  code: 'ECONNREFUSED',
  syscall: 'connect',
  address: '::1',
  port: 4000,
  fatal: true
}
[2024-03-16T16:46:04.327] [ERROR] logs - Error: Unknown column 'name' in 'field list'
    at Packet.asError (/Users/aishwaryadherange/Desktop/NodeJs/node-js-clean-architecture/node_modules/mysql2/lib/packets/packet.js:728:17)
    at Query.execute (/Users/aishwaryadherange/Desktop/NodeJs/node-js-clean-architecture/node_modules/mysql2/lib/commands/command.js:29:26)
    at PoolConnection.handlePacket (/Users/aishwaryadherange/Desktop/NodeJs/node-js-clean-architecture/node_modules/mysql2/lib/connection.js:481:34)
    at PacketParser.onPacket (/Users/aishwaryadherange/Desktop/NodeJs/node-js-clean-architecture/node_modules/mysql2/lib/connection.js:97:12)
    at PacketParser.executeStart (/Users/aishwaryadherange/Desktop/NodeJs/node-js-clean-architecture/node_modules/mysql2/lib/packet_parser.js:75:16)
    at Socket.<anonymous> (/Users/aishwaryadherange/Desktop/NodeJs/node-js-clean-architecture/node_modules/mysql2/lib/connection.js:104:25)
    at Socket.emit (node:events:517:28)
    at addChunk (node:internal/streams/readable:335:12)
    at readableAddChunk (node:internal/streams/readable:308:9)
    at Readable.push (node:internal/streams/readable:245:10) {
  code: 'ER_BAD_FIELD_ERROR',
  errno: 1054,
  sqlState: '42S22',
  sqlMessage: "Unknown column 'name' in 'field list'",
  sql: 'select id as student_id, name, email, age, weight, height, is_active, created_at, updated_at from f_app_banner where is_active = 1'
}
[2024-03-16T17:17:14.197] [ERROR] logs - TypeError: queryFunction is not a function
    at file:///Users/aishwaryadherange/Desktop/NodeJs/node-js-clean-architecture/helpers/dbHelper.js:70:18
    at new Promise (<anonymous>)
    at Module.performSqlOperation (file:///Users/aishwaryadherange/Desktop/NodeJs/node-js-clean-architecture/helpers/dbHelper.js:69:12)
    at getUser (file:///Users/aishwaryadherange/Desktop/NodeJs/node-js-clean-architecture/controllers/user.controller.js:23:43)
    at process.processTicksAndRejections (node:internal/process/task_queues:95:5)
[2024-03-16T17:17:54.720] [ERROR] logs - TypeError: queryFunction is not a function
    at file:///Users/aishwaryadherange/Desktop/NodeJs/node-js-clean-architecture/helpers/dbHelper.js:70:18
    at new Promise (<anonymous>)
    at Module.performSqlOperation (file:///Users/aishwaryadherange/Desktop/NodeJs/node-js-clean-architecture/helpers/dbHelper.js:69:12)
    at getUser (file:///Users/aishwaryadherange/Desktop/NodeJs/node-js-clean-architecture/controllers/user.controller.js:23:43)
    at process.processTicksAndRejections (node:internal/process/task_queues:95:5)
[2024-03-16T17:22:07.306] [ERROR] logs - Error: Incorrect datetime value: '1710589927' for column 'created_at' at row 1
    at Packet.asError (/Users/aishwaryadherange/Desktop/NodeJs/node-js-clean-architecture/node_modules/mysql2/lib/packets/packet.js:728:17)
    at Query.execute (/Users/aishwaryadherange/Desktop/NodeJs/node-js-clean-architecture/node_modules/mysql2/lib/commands/command.js:29:26)
    at PoolConnection.handlePacket (/Users/aishwaryadherange/Desktop/NodeJs/node-js-clean-architecture/node_modules/mysql2/lib/connection.js:481:34)
    at PacketParser.onPacket (/Users/aishwaryadherange/Desktop/NodeJs/node-js-clean-architecture/node_modules/mysql2/lib/connection.js:97:12)
    at PacketParser.executeStart (/Users/aishwaryadherange/Desktop/NodeJs/node-js-clean-architecture/node_modules/mysql2/lib/packet_parser.js:75:16)
    at Socket.<anonymous> (/Users/aishwaryadherange/Desktop/NodeJs/node-js-clean-architecture/node_modules/mysql2/lib/connection.js:104:25)
    at Socket.emit (node:events:517:28)
    at addChunk (node:internal/streams/readable:335:12)
    at readableAddChunk (node:internal/streams/readable:308:9)
    at Readable.push (node:internal/streams/readable:245:10) {
  code: 'ER_TRUNCATED_WRONG_VALUE',
  errno: 1292,
  sqlState: '22007',
  sqlMessage: "Incorrect datetime value: '1710589927' for column 'created_at' at row 1",
  sql: 'insert into d_users (id, name, email, age, weight, height, is_active, created_at, updated_at)  \n' +
    "         values (null, 'Ashu', 'ashu123@gmail.com', 27, 60, 160, 1, unix_timestamp(), unix_timestamp());"
}
[2024-03-16T17:25:25.815] [ERROR] logs - Error: Unknown column 'updated' in 'field list'
    at Packet.asError (/Users/aishwaryadherange/Desktop/NodeJs/node-js-clean-architecture/node_modules/mysql2/lib/packets/packet.js:728:17)
    at Query.execute (/Users/aishwaryadherange/Desktop/NodeJs/node-js-clean-architecture/node_modules/mysql2/lib/commands/command.js:29:26)
    at PoolConnection.handlePacket (/Users/aishwaryadherange/Desktop/NodeJs/node-js-clean-architecture/node_modules/mysql2/lib/connection.js:481:34)
    at PacketParser.onPacket (/Users/aishwaryadherange/Desktop/NodeJs/node-js-clean-architecture/node_modules/mysql2/lib/connection.js:97:12)
    at PacketParser.executeStart (/Users/aishwaryadherange/Desktop/NodeJs/node-js-clean-architecture/node_modules/mysql2/lib/packet_parser.js:75:16)
    at Socket.<anonymous> (/Users/aishwaryadherange/Desktop/NodeJs/node-js-clean-architecture/node_modules/mysql2/lib/connection.js:104:25)
    at Socket.emit (node:events:517:28)
    at addChunk (node:internal/streams/readable:335:12)
    at readableAddChunk (node:internal/streams/readable:308:9)
    at Readable.push (node:internal/streams/readable:245:10) {
  code: 'ER_BAD_FIELD_ERROR',
  errno: 1054,
  sqlState: '42S22',
  sqlMessage: "Unknown column 'updated' in 'field list'",
  sql: 'update d_users\n' +
    '         set age = 26 , weight = 60 , height = 160, updated = unix_timestamp()\n' +
    '         where id = 1 and is_active = 1 and id > 0;'
}
[2024-03-16T21:22:56.888] [ERROR] logs - Error: Encoding not recognized: 'cesu8' (searched as: 'cesu8')
    at Object.getCodec (/Users/aishwaryadherange/Desktop/NodeJs/node-js-clean-architecture/node_modules/mysql2/node_modules/iconv-lite/lib/index.js:104:23)
    at Object.getDecoder (/Users/aishwaryadherange/Desktop/NodeJs/node-js-clean-architecture/node_modules/mysql2/node_modules/iconv-lite/lib/index.js:125:23)
    at Object.<anonymous>.exports.decode (/Users/aishwaryadherange/Desktop/NodeJs/node-js-clean-architecture/node_modules/mysql2/lib/parsers/string.js:20:23)
    at Packet.readNullTerminatedString (/Users/aishwaryadherange/Desktop/NodeJs/node-js-clean-architecture/node_modules/mysql2/lib/packets/packet.js:412:25)
    at Function.fromPacket (/Users/aishwaryadherange/Desktop/NodeJs/node-js-clean-architecture/node_modules/mysql2/lib/packets/handshake.js:62:33)
    at ClientHandshake.handshakeInit (/Users/aishwaryadherange/Desktop/NodeJs/node-js-clean-architecture/node_modules/mysql2/lib/commands/client_handshake.js:112:40)
    at ClientHandshake.execute (/Users/aishwaryadherange/Desktop/NodeJs/node-js-clean-architecture/node_modules/mysql2/lib/commands/command.js:45:22)
    at PoolConnection.handlePacket (/Users/aishwaryadherange/Desktop/NodeJs/node-js-clean-architecture/node_modules/mysql2/lib/connection.js:481:34)
    at PacketParser.onPacket (/Users/aishwaryadherange/Desktop/NodeJs/node-js-clean-architecture/node_modules/mysql2/lib/connection.js:97:12)
    at PacketParser.executeStart (/Users/aishwaryadherange/Desktop/NodeJs/node-js-clean-architecture/node_modules/mysql2/lib/packet_parser.js:75:16)
    at Socket.<anonymous> (/Users/aishwaryadherange/Desktop/NodeJs/node-js-clean-architecture/node_modules/mysql2/lib/connection.js:104:25)
    at Socket.emit (node:events:517:28)
    at addChunk (node:internal/streams/readable:335:12)
    at readableAddChunk (node:internal/streams/readable:308:9)
    at Socket.Readable.push (node:internal/streams/readable:245:10)
    at TCP.onStreamRead (node:internal/stream_base_commons:190:23) {
  fatal: true
}
